<?xml version="1.0" encoding="UTF-8"?>
<testng-results ignored="0" total="1" passed="1" failed="0" skipped="0">
  <reporter-output>
  </reporter-output>
  <suite started-at="2023-02-06T00:17:57 IST" name="Surefire suite" finished-at="2023-02-06T00:18:51 IST" duration-ms="54346">
    <groups>
    </groups>
    <test started-at="2023-02-06T00:17:57 IST" name="Surefire test" finished-at="2023-02-06T00:18:51 IST" duration-ms="54346">
      <class name="mavenForJenkins.UITest">
        <test-method signature="startBrowser()[pri:0, instance:mavenForJenkins.UITest@6f03482]" started-at="2023-02-06T00:17:57 IST" name="startBrowser" finished-at="2023-02-06T00:18:51 IST" duration-ms="54261" status="PASS">
          <reporter-output>
          </reporter-output>
        </test-method> <!-- startBrowser -->
      </class> <!-- mavenForJenkins.UITest -->
    </test> <!-- Surefire test -->
  </suite> <!-- Surefire suite -->
</testng-results>
